Start testing: Nov 03 02:22 UTC
----------------------------------------------------------
1/1 Testing: holohash_tests
1/1 Test: holohash_tests
Command: "/home/runner/workspace/build/holohash_tests"
Directory: /home/runner/workspace/build
"holohash_tests" start time: Nov 03 02:22 UTC
Output:
----------------------------------------------------------
===============================================================================
All tests passed (11012 assertions in 7 test cases)

<end of output>
Test time =   0.16 sec
----------------------------------------------------------
Test Passed.
"holohash_tests" end time: Nov 03 02:22 UTC
"holohash_tests" time elapsed: 00:00:00
----------------------------------------------------------

End testing: Nov 03 02:22 UTC
